This file contains any messages produced by compilers while
running configure, to aid debugging if configure makes a mistake.

It was created by configure, which was
generated by GNU Autoconf 2.61.  Invocation command line was

  $ ./configure 

## --------- ##
## Platform. ##
## --------- ##

hostname = unmac.local
uname -m = i386
uname -r = 11.4.0
uname -s = Darwin
uname -v = Darwin Kernel Version 11.4.0: Mon Apr  9 19:33:05 PDT 2012; root:xnu-1699.26.8~1/RELEASE_I386

/usr/bin/uname -p = i386
/bin/uname -X     = unknown

/bin/arch              = unknown
/usr/bin/arch -k       = unknown
/usr/convex/getsysinfo = unknown
/usr/bin/hostinfo      = Mach kernel version:
	 Darwin Kernel Version 11.4.0: Mon Apr  9 19:33:05 PDT 2012; root:xnu-1699.26.8~1/RELEASE_I386
Kernel configured for up to 4 processors.
2 processors are physically available.
4 processors are logically available.
Processor type: i486 (Intel 80486)
Processors active: 0 1 2 3
Primary memory available: 4.00 gigabytes
Default processor set: 105 tasks, 457 threads, 4 processors
Load average: 1.20, Mach factor: 2.80
/bin/machine           = unknown
/usr/bin/oslevel       = unknown
/bin/universe          = unknown

PATH: /usr/bin
PATH: /bin
PATH: /usr/sbin
PATH: /sbin
PATH: /usr/local/bin
PATH: /usr/X11/bin
PATH: /opt/local/bin


## ----------- ##
## Core tests. ##
## ----------- ##

configure:1639: checking whether make sets $(MAKE)
configure:1660: result: yes
configure:1713: checking for a BSD-compatible install
configure:1769: result: /usr/bin/install -c
configure:1782: checking for makeinfo
configure:1798: found /usr/bin/makeinfo
configure:1810: result: makeinfo
configure:1820: checking for texi2dvi
configure:1836: found /usr/bin/texi2dvi
configure:1848: result: texi2dvi
configure:1858: checking for ptex
configure:1886: result: false
configure:1896: checking for jbibtex
configure:1924: result: false
configure:1934: checking for dvipdfmx
configure:1962: result: false
configure:1972: checking for texi2pdf
configure:1988: found /usr/bin/texi2pdf
configure:2000: result: texi2pdf
configure:2012: checking for egrep
configure:2028: found /usr/bin/egrep
configure:2039: result: egrep
configure:2244: checking for emacs
configure:2262: found /usr/bin/emacs
configure:2274: result: /usr/bin/emacs
configure:2301: checking what a flavor does /usr/bin/emacs have
/usr/bin/emacs -q -no-site-file -batch -eval '(let ((x (if (featurep (quote xemacs))
	"XEmacs"
      (concat "Emacs "
	      (mapconcat (function identity)
			 (nreverse
			  (cdr (nreverse
				(split-string emacs-version
					      (concat (vector 92 46))))))
			 "."))))) (write-region (format "%s" x) nil "./conftest-50795" nil 5))'
=> Emacs 22.1
configure:2345: result: Emacs 22.1
configure:2359: checking prefix for /usr/bin/emacs
/usr/bin/emacs -q -no-site-file -batch -eval '(let ((x (expand-file-name ".." invocation-directory))) (write-region (format "%s" x) nil "./conftest-50795" nil 5))'
=> /usr
configure:2390: result: /usr
configure:2398: checking where lisp files should go
configure:2420: result: $(prefix)/share/emacs/site-lisp/w3m/
configure:2582: checking where icon files should go
/usr/bin/emacs -q -no-site-file -batch -eval '(let ((x (let ((prefix "/usr")	      (default (expand-file-name "images/w3m" data-directory)))	  (if (and prefix		   (progn		     (setq prefix (file-name-as-directory prefix))		     (eq 0 (string-match (regexp-quote prefix) default))))	      (replace-match "$(prefix)/" nil nil default)	    default)))) (write-region (format "%s" x) nil "./conftest-50795" nil 5))'
=> $(prefix)/share/emacs/22.1/etc/images/w3m
configure:2626: result: $(prefix)/share/emacs/22.1/etc/images/w3m
configure:2804: creating ./config.status

## ---------------------- ##
## Running config.status. ##
## ---------------------- ##

This file was extended by config.status, which was
generated by GNU Autoconf 2.61.  Invocation command line was

  CONFIG_FILES    = 
  CONFIG_HEADERS  = 
  CONFIG_LINKS    = 
  CONFIG_COMMANDS = 
  $ ./config.status 

on unmac.local

config.status:584: creating Makefile
config.status:584: creating doc/Makefile

## ---------------- ##
## Cache variables. ##
## ---------------- ##

EMACS_cv_SYS_flavor='Emacs 22.1'
EMACS_cv_SYS_icondir='$(prefix)/share/emacs/22.1/etc/images/w3m'
EMACS_cv_SYS_prefix=/usr
ac_cv_env_build_alias_set=
ac_cv_env_build_alias_value=
ac_cv_env_host_alias_set=
ac_cv_env_host_alias_value=
ac_cv_env_target_alias_set=
ac_cv_env_target_alias_value=
ac_cv_path_EMACS=/usr/bin/emacs
ac_cv_path_install='/usr/bin/install -c'
ac_cv_prog_DVIPDFMX=false
ac_cv_prog_EGREP=egrep
ac_cv_prog_JBIBTEX=false
ac_cv_prog_MAKEINFO=makeinfo
ac_cv_prog_PTEX=false
ac_cv_prog_TEXI2DVI=texi2dvi
ac_cv_prog_TEXI2PDF=texi2pdf
ac_cv_prog_make_make_set=yes

## ----------------- ##
## Output variables. ##
## ----------------- ##

ADDITIONAL_LOAD_PATH='NONE'
DEFS='-DPACKAGE_NAME=\"\" -DPACKAGE_TARNAME=\"\" -DPACKAGE_VERSION=\"\" -DPACKAGE_STRING=\"\" -DPACKAGE_BUGREPORT=\"\"'
DVIPDFMX='false'
ECHO_C='ECHO_N=''
ECHO_T=''
EGREP='egrep'
EMACS='/usr/bin/emacs'
ICONDIR='$(prefix)/share/emacs/22.1/etc/images/w3m'
INSTALL_DATA='${INSTALL} -m 644'
INSTALL_PROGRAM='${INSTALL}'
INSTALL_SCRIPT='${INSTALL}'
JBIBTEX='false'
LIBOBJS=''
LIBS=''
LTLIBOBJS=''
MAKEINFO='makeinfo'
PACKAGEDIR='NONE'
PACKAGE_BUGREPORT=''
PACKAGE_NAME=''
PACKAGE_STRING=''
PACKAGE_TARNAME=''
PACKAGE_VERSION=''
PATH_SEPARATOR=':'
PTEX='false'
SET_MAKE=''
SHELL='/bin/sh'
TEXI2DVI='texi2dvi'
TEXI2PDF='texi2pdf'
VANILLA_FLAG='-q -no-site-file'
XEMACSDEBUG=''
bindir='${exec_prefix}/bin'
build_alias=''
datadir='${datarootdir}'
datarootdir='${prefix}/share'
docdir='${datarootdir}/doc/${PACKAGE}'
dvidir='${docdir}'
exec_prefix='${prefix}'
host_alias=''
htmldir='${docdir}'
includedir='${prefix}/include'
infodir='${datarootdir}/info'
libdir='${exec_prefix}/lib'
libexecdir='${exec_prefix}/libexec'
lispdir='$(prefix)/share/emacs/site-lisp/w3m'
localedir='${datarootdir}/locale'
localstatedir='${prefix}/var'
mandir='${datarootdir}/man'
oldincludedir='/usr/include'
pdfdir='${docdir}'
prefix='/usr'
program_transform_name='s,x,x,'
psdir='${docdir}'
sbindir='${exec_prefix}/sbin'
sharedstatedir='${prefix}/com'
sysconfdir='${prefix}/etc'
target_alias=''

## ----------- ##
## confdefs.h. ##
## ----------- ##

#define PACKAGE_NAME ""
#define PACKAGE_TARNAME ""
#define PACKAGE_VERSION ""
#define PACKAGE_STRING ""
#define PACKAGE_BUGREPORT ""

configure: exit 0
